<?xml version="1.0" encoding="UTF-8"?>
<testng-results ignored="0" total="2" passed="2" failed="0" skipped="0">
  <reporter-output>
  </reporter-output>
  <suite started-at="2023-01-25T23:12:11 IST" name="Default suite" finished-at="2023-01-25T23:12:30 IST" duration-ms="18982">
    <groups>
    </groups>
    <test started-at="2023-01-25T23:12:11 IST" name="Default test" finished-at="2023-01-25T23:12:30 IST" duration-ms="18982">
      <class name="com.facebook.tests.TestLoginpage">
        <test-method signature="logintest()[pri:0, instance:com.facebook.tests.TestLoginpage@702b8b12]" started-at="2023-01-25T23:12:11 IST" name="logintest" finished-at="2023-01-25T23:12:13 IST" duration-ms="2676" status="PASS">
          <reporter-output>
          </reporter-output>
        </test-method> <!-- logintest -->
        <test-method signature="validation()[pri:0, instance:com.facebook.tests.TestLoginpage@702b8b12]" started-at="2023-01-25T23:12:13 IST" name="validation" finished-at="2023-01-25T23:12:13 IST" duration-ms="1" status="PASS">
          <reporter-output>
          </reporter-output>
        </test-method> <!-- validation -->
        <test-method is-config="true" signature="closebrowser()[pri:0, instance:com.facebook.tests.TestLoginpage@702b8b12]" started-at="2023-01-25T23:12:13 IST" name="closebrowser" finished-at="2023-01-25T23:12:30 IST" duration-ms="16278" status="PASS">
          <reporter-output>
          </reporter-output>
        </test-method> <!-- closebrowser -->
      </class> <!-- com.facebook.tests.TestLoginpage -->
    </test> <!-- Default test -->
  </suite> <!-- Default suite -->
</testng-results>
